Train set size = 18998; Validation set size = 1000
Using vgg_channel_list = [64, 128, 256]; Number of model parameters = 1161793
Epoch 0, batch 0: Training loss = 0.693, accuracy = 46.9
Epoch 0, batch 10: Training loss = 0.695, accuracy = 46.1
Epoch 0, batch 20: Training loss = 0.690, accuracy = 57.0
Epoch 0, batch 30: Training loss = 0.693, accuracy = 51.6
Epoch 0, batch 40: Training loss = 0.694, accuracy = 50.0
Epoch 0, batch 50: Training loss = 0.691, accuracy = 57.0
Epoch 0, batch 60: Training loss = 0.698, accuracy = 40.6
Epoch 0, batch 70: Training loss = 0.692, accuracy = 53.1
Epoch 0, batch 80: Training loss = 0.693, accuracy = 50.0
Epoch 0, batch 90: Training loss = 0.693, accuracy = 46.1
Epoch 0, batch 100: Training loss = 0.693, accuracy = 48.4
Epoch 0, batch 110: Training loss = 0.693, accuracy = 51.6
Epoch 0, batch 120: Training loss = 0.693, accuracy = 50.8
Epoch 0, batch 130: Training loss = 0.694, accuracy = 49.2
Epoch 0, batch 140: Training loss = 0.694, accuracy = 43.8
================================================================================
Epoch 0: Validation (1000 items) loss = 0.693, accuracy = 51.5
================================================================================
Epoch 1, batch 0: Training loss = 0.692, accuracy = 52.3
Epoch 1, batch 10: Training loss = 0.693, accuracy = 51.6
Epoch 1, batch 20: Training loss = 0.693, accuracy = 46.1
Epoch 1, batch 30: Training loss = 0.691, accuracy = 56.2
Epoch 1, batch 40: Training loss = 0.693, accuracy = 49.2
Epoch 1, batch 50: Training loss = 0.693, accuracy = 45.3
Epoch 1, batch 60: Training loss = 0.693, accuracy = 45.3
Epoch 1, batch 70: Training loss = 0.694, accuracy = 46.1
Epoch 1, batch 80: Training loss = 0.693, accuracy = 50.0
Epoch 1, batch 90: Training loss = 0.694, accuracy = 44.5
Epoch 1, batch 100: Training loss = 0.692, accuracy = 52.3
Epoch 1, batch 110: Training loss = 0.689, accuracy = 57.0
Epoch 1, batch 120: Training loss = 0.694, accuracy = 46.1
Epoch 1, batch 130: Training loss = 0.695, accuracy = 44.5
Epoch 1, batch 140: Training loss = 0.692, accuracy = 51.6
================================================================================
Epoch 1: Validation (1000 items) loss = 0.692, accuracy = 51.2
================================================================================
Epoch 2, batch 0: Training loss = 0.693, accuracy = 49.2
Epoch 2, batch 10: Training loss = 0.692, accuracy = 48.4
Epoch 2, batch 20: Training loss = 0.693, accuracy = 49.2
Epoch 2, batch 30: Training loss = 0.692, accuracy = 50.8
Epoch 2, batch 40: Training loss = 0.693, accuracy = 52.3
Epoch 2, batch 50: Training loss = 0.692, accuracy = 52.3
Epoch 2, batch 60: Training loss = 0.689, accuracy = 57.0
Epoch 2, batch 70: Training loss = 0.692, accuracy = 50.8
Epoch 2, batch 80: Training loss = 0.692, accuracy = 50.8
Epoch 2, batch 90: Training loss = 0.693, accuracy = 50.0
Epoch 2, batch 100: Training loss = 0.690, accuracy = 57.8
Epoch 2, batch 110: Training loss = 0.692, accuracy = 50.8
Epoch 2, batch 120: Training loss = 0.692, accuracy = 49.2
Epoch 2, batch 130: Training loss = 0.694, accuracy = 43.0
Epoch 2, batch 140: Training loss = 0.691, accuracy = 56.2
================================================================================
Epoch 2: Validation (1000 items) loss = 0.696, accuracy = 48.7
================================================================================
Epoch 3, batch 0: Training loss = 0.690, accuracy = 52.3
Epoch 3, batch 10: Training loss = 0.688, accuracy = 60.9
Epoch 3, batch 20: Training loss = 0.691, accuracy = 51.6
Epoch 3, batch 30: Training loss = 0.685, accuracy = 59.4
Epoch 3, batch 40: Training loss = 0.687, accuracy = 58.6
Epoch 3, batch 50: Training loss = 0.675, accuracy = 67.2
Epoch 3, batch 60: Training loss = 0.686, accuracy = 51.6
Epoch 3, batch 70: Training loss = 0.695, accuracy = 50.8
Epoch 3, batch 80: Training loss = 0.688, accuracy = 52.3
Epoch 3, batch 90: Training loss = 0.688, accuracy = 55.5
Epoch 3, batch 100: Training loss = 0.696, accuracy = 54.7
Epoch 3, batch 110: Training loss = 0.690, accuracy = 53.1
Epoch 3, batch 120: Training loss = 0.670, accuracy = 64.1
Epoch 3, batch 130: Training loss = 0.682, accuracy = 56.2
Epoch 3, batch 140: Training loss = 0.662, accuracy = 63.3
================================================================================
Epoch 3: Validation (1000 items) loss = 0.692, accuracy = 55.5
================================================================================
Epoch 4, batch 0: Training loss = 0.696, accuracy = 58.6
Epoch 4, batch 10: Training loss = 0.681, accuracy = 56.2
Epoch 4, batch 20: Training loss = 0.677, accuracy = 58.6
Epoch 4, batch 30: Training loss = 0.676, accuracy = 62.5
Epoch 4, batch 40: Training loss = 0.679, accuracy = 60.9
Epoch 4, batch 50: Training loss = 0.699, accuracy = 51.6
Epoch 4, batch 60: Training loss = 0.698, accuracy = 57.0
Epoch 4, batch 70: Training loss = 0.669, accuracy = 63.3
Epoch 4, batch 80: Training loss = 0.691, accuracy = 50.0
Epoch 4, batch 90: Training loss = 0.676, accuracy = 55.5
Epoch 4, batch 100: Training loss = 0.664, accuracy = 65.6
Epoch 4, batch 110: Training loss = 0.657, accuracy = 67.2
Epoch 4, batch 120: Training loss = 0.681, accuracy = 56.2
Epoch 4, batch 130: Training loss = 0.683, accuracy = 53.9
Epoch 4, batch 140: Training loss = 0.698, accuracy = 57.8
================================================================================
Epoch 4: Validation (1000 items) loss = 0.703, accuracy = 51.9
================================================================================
Epoch 5, batch 0: Training loss = 0.703, accuracy = 52.3
Epoch 5, batch 10: Training loss = 0.680, accuracy = 60.2
Epoch 5, batch 20: Training loss = 0.660, accuracy = 64.8
Epoch 5, batch 30: Training loss = 0.699, accuracy = 50.0
Epoch 5, batch 40: Training loss = 0.676, accuracy = 60.2
Epoch 5, batch 50: Training loss = 0.673, accuracy = 57.0
Epoch 5, batch 60: Training loss = 0.701, accuracy = 48.4
Epoch 5, batch 70: Training loss = 0.670, accuracy = 58.6
Epoch 5, batch 80: Training loss = 0.664, accuracy = 66.4
Epoch 5, batch 90: Training loss = 0.660, accuracy = 63.3
Epoch 5, batch 100: Training loss = 0.672, accuracy = 65.6
Epoch 5, batch 110: Training loss = 0.679, accuracy = 57.0
Epoch 5, batch 120: Training loss = 0.656, accuracy = 62.5
Epoch 5, batch 130: Training loss = 0.667, accuracy = 60.9
Epoch 5, batch 140: Training loss = 0.673, accuracy = 57.0
================================================================================
Epoch 5: Validation (1000 items) loss = 0.716, accuracy = 52.6
================================================================================
Epoch 6, batch 0: Training loss = 0.769, accuracy = 47.7
Epoch 6, batch 10: Training loss = 0.643, accuracy = 61.7
Epoch 6, batch 20: Training loss = 0.654, accuracy = 66.4
Epoch 6, batch 30: Training loss = 0.659, accuracy = 60.2
Epoch 6, batch 40: Training loss = 0.653, accuracy = 60.2
Epoch 6, batch 50: Training loss = 0.670, accuracy = 57.0
Epoch 6, batch 60: Training loss = 0.678, accuracy = 57.0
Epoch 6, batch 70: Training loss = 0.653, accuracy = 57.8
Epoch 6, batch 80: Training loss = 0.649, accuracy = 60.9
Epoch 6, batch 90: Training loss = 0.641, accuracy = 62.5
Epoch 6, batch 100: Training loss = 0.656, accuracy = 65.6
Epoch 6, batch 110: Training loss = 0.664, accuracy = 57.8
Epoch 6, batch 120: Training loss = 0.663, accuracy = 61.7
Epoch 6, batch 130: Training loss = 0.647, accuracy = 63.3
Epoch 6, batch 140: Training loss = 0.649, accuracy = 68.0
================================================================================
Epoch 6: Validation (1000 items) loss = 0.651, accuracy = 61.3
================================================================================
Epoch 7, batch 0: Training loss = 0.642, accuracy = 67.2
Epoch 7, batch 10: Training loss = 0.641, accuracy = 62.5
Epoch 7, batch 20: Training loss = 0.657, accuracy = 62.5
Epoch 7, batch 30: Training loss = 0.672, accuracy = 61.7
Epoch 7, batch 40: Training loss = 0.643, accuracy = 62.5
Epoch 7, batch 50: Training loss = 0.622, accuracy = 70.3
Epoch 7, batch 60: Training loss = 0.664, accuracy = 63.3
Epoch 7, batch 70: Training loss = 0.605, accuracy = 65.6
Epoch 7, batch 80: Training loss = 0.581, accuracy = 68.8
Epoch 7, batch 90: Training loss = 0.620, accuracy = 63.3
Epoch 7, batch 100: Training loss = 0.592, accuracy = 68.0
Epoch 7, batch 110: Training loss = 0.684, accuracy = 60.9
Epoch 7, batch 120: Training loss = 0.668, accuracy = 63.3
Epoch 7, batch 130: Training loss = 0.605, accuracy = 70.3
Epoch 7, batch 140: Training loss = 0.632, accuracy = 66.4
================================================================================
Epoch 7: Validation (1000 items) loss = 0.652, accuracy = 60.5
================================================================================
Epoch 8, batch 0: Training loss = 0.645, accuracy = 57.0
Epoch 8, batch 10: Training loss = 0.650, accuracy = 62.5
Epoch 8, batch 20: Training loss = 0.588, accuracy = 67.2
Epoch 8, batch 30: Training loss = 0.623, accuracy = 66.4
Epoch 8, batch 40: Training loss = 0.571, accuracy = 78.1
Epoch 8, batch 50: Training loss = 0.585, accuracy = 68.0
Epoch 8, batch 60: Training loss = 0.641, accuracy = 64.8
Epoch 8, batch 70: Training loss = 0.598, accuracy = 71.9
Epoch 8, batch 80: Training loss = 0.643, accuracy = 63.3
Epoch 8, batch 90: Training loss = 0.579, accuracy = 68.8
Epoch 8, batch 100: Training loss = 0.569, accuracy = 71.9
Epoch 8, batch 110: Training loss = 0.534, accuracy = 75.8
Epoch 8, batch 120: Training loss = 0.600, accuracy = 66.4
Epoch 8, batch 130: Training loss = 0.612, accuracy = 68.0
Epoch 8, batch 140: Training loss = 0.673, accuracy = 61.7
================================================================================
Epoch 8: Validation (1000 items) loss = 0.605, accuracy = 67.6
================================================================================
Epoch 9, batch 0: Training loss = 0.552, accuracy = 70.3
Epoch 9, batch 10: Training loss = 0.567, accuracy = 64.8
Epoch 9, batch 20: Training loss = 0.688, accuracy = 56.2
Epoch 9, batch 30: Training loss = 0.642, accuracy = 63.3
Epoch 9, batch 40: Training loss = 0.551, accuracy = 69.5
Epoch 9, batch 50: Training loss = 0.583, accuracy = 66.4
Epoch 9, batch 60: Training loss = 0.568, accuracy = 71.1
Epoch 9, batch 70: Training loss = 0.624, accuracy = 68.0
Epoch 9, batch 80: Training loss = 0.593, accuracy = 70.3
Epoch 9, batch 90: Training loss = 0.565, accuracy = 66.4
Epoch 9, batch 100: Training loss = 0.558, accuracy = 68.0
Epoch 9, batch 110: Training loss = 0.602, accuracy = 64.8
Epoch 9, batch 120: Training loss = 0.534, accuracy = 70.3
Epoch 9, batch 130: Training loss = 0.523, accuracy = 74.2
Epoch 9, batch 140: Training loss = 0.629, accuracy = 65.6
================================================================================
Epoch 9: Validation (1000 items) loss = 0.590, accuracy = 69.8
================================================================================
Epoch 10, batch 0: Training loss = 0.600, accuracy = 66.4
Epoch 10, batch 10: Training loss = 0.553, accuracy = 71.9
Epoch 10, batch 20: Training loss = 0.551, accuracy = 71.1
Epoch 10, batch 30: Training loss = 0.538, accuracy = 74.2
Epoch 10, batch 40: Training loss = 0.625, accuracy = 68.8
Epoch 10, batch 50: Training loss = 0.616, accuracy = 62.5
Epoch 10, batch 60: Training loss = 0.603, accuracy = 66.4
Epoch 10, batch 70: Training loss = 0.636, accuracy = 60.9
Epoch 10, batch 80: Training loss = 0.502, accuracy = 77.3
Epoch 10, batch 90: Training loss = 0.521, accuracy = 75.8
Epoch 10, batch 100: Training loss = 0.531, accuracy = 75.0
Epoch 10, batch 110: Training loss = 0.571, accuracy = 68.8
Epoch 10, batch 120: Training loss = 0.570, accuracy = 72.7
Epoch 10, batch 130: Training loss = 0.552, accuracy = 68.8
Epoch 10, batch 140: Training loss = 0.506, accuracy = 76.6
================================================================================
Epoch 10: Validation (1000 items) loss = 0.545, accuracy = 71.2
================================================================================
Epoch 11, batch 0: Training loss = 0.554, accuracy = 72.7
Epoch 11, batch 10: Training loss = 0.581, accuracy = 72.7
Epoch 11, batch 20: Training loss = 0.544, accuracy = 71.9
Epoch 11, batch 30: Training loss = 0.474, accuracy = 72.7
Epoch 11, batch 40: Training loss = 0.532, accuracy = 75.8
Epoch 11, batch 50: Training loss = 0.551, accuracy = 73.4
Epoch 11, batch 60: Training loss = 0.548, accuracy = 75.0
Epoch 11, batch 70: Training loss = 0.678, accuracy = 63.3
Epoch 11, batch 80: Training loss = 0.564, accuracy = 71.9
Epoch 11, batch 90: Training loss = 0.490, accuracy = 75.0
Epoch 11, batch 100: Training loss = 0.507, accuracy = 75.0
Epoch 11, batch 110: Training loss = 0.617, accuracy = 60.2
Epoch 11, batch 120: Training loss = 0.587, accuracy = 70.3
Epoch 11, batch 130: Training loss = 0.483, accuracy = 77.3
Epoch 11, batch 140: Training loss = 0.628, accuracy = 64.8
================================================================================
Epoch 11: Validation (1000 items) loss = 0.539, accuracy = 72.6
================================================================================
Epoch 12, batch 0: Training loss = 0.529, accuracy = 71.9
Epoch 12, batch 10: Training loss = 0.515, accuracy = 75.8
Epoch 12, batch 20: Training loss = 0.583, accuracy = 67.2
Epoch 12, batch 30: Training loss = 0.545, accuracy = 75.0
Epoch 12, batch 40: Training loss = 0.491, accuracy = 76.6
Epoch 12, batch 50: Training loss = 0.504, accuracy = 75.8
Epoch 12, batch 60: Training loss = 0.570, accuracy = 72.7
Epoch 12, batch 70: Training loss = 0.538, accuracy = 77.3
Epoch 12, batch 80: Training loss = 0.468, accuracy = 77.3
Epoch 12, batch 90: Training loss = 0.514, accuracy = 75.0
Epoch 12, batch 100: Training loss = 0.518, accuracy = 71.9
Epoch 12, batch 110: Training loss = 0.564, accuracy = 69.5
Epoch 12, batch 120: Training loss = 0.545, accuracy = 72.7
Epoch 12, batch 130: Training loss = 0.565, accuracy = 75.0
Epoch 12, batch 140: Training loss = 0.474, accuracy = 73.4
================================================================================
Epoch 12: Validation (1000 items) loss = 0.538, accuracy = 72.2
================================================================================
Epoch 13, batch 0: Training loss = 0.551, accuracy = 71.9
Epoch 13, batch 10: Training loss = 0.481, accuracy = 75.0
Epoch 13, batch 20: Training loss = 0.462, accuracy = 79.7
Epoch 13, batch 30: Training loss = 0.507, accuracy = 75.8
Epoch 13, batch 40: Training loss = 0.464, accuracy = 77.3
Epoch 13, batch 50: Training loss = 0.424, accuracy = 81.2
Epoch 13, batch 60: Training loss = 0.546, accuracy = 71.1
Epoch 13, batch 70: Training loss = 0.624, accuracy = 64.1
Epoch 13, batch 80: Training loss = 0.509, accuracy = 78.1
Epoch 13, batch 90: Training loss = 0.535, accuracy = 74.2
Epoch 13, batch 100: Training loss = 0.439, accuracy = 81.2
Epoch 13, batch 110: Training loss = 0.448, accuracy = 82.0
Epoch 13, batch 120: Training loss = 0.479, accuracy = 79.7
Epoch 13, batch 130: Training loss = 0.557, accuracy = 71.1
Epoch 13, batch 140: Training loss = 0.488, accuracy = 77.3
================================================================================
Epoch 13: Validation (1000 items) loss = 0.559, accuracy = 72.0
================================================================================
Epoch 14, batch 0: Training loss = 0.543, accuracy = 71.9
Epoch 14, batch 10: Training loss = 0.479, accuracy = 78.1
Epoch 14, batch 20: Training loss = 0.477, accuracy = 79.7
Epoch 14, batch 30: Training loss = 0.452, accuracy = 82.8
Epoch 14, batch 40: Training loss = 0.485, accuracy = 76.6
Epoch 14, batch 50: Training loss = 0.505, accuracy = 75.0
Epoch 14, batch 60: Training loss = 0.489, accuracy = 77.3
Epoch 14, batch 70: Training loss = 0.410, accuracy = 82.8
Epoch 14, batch 80: Training loss = 0.532, accuracy = 75.8
Epoch 14, batch 90: Training loss = 0.514, accuracy = 75.8
Epoch 14, batch 100: Training loss = 0.536, accuracy = 72.7
Epoch 14, batch 110: Training loss = 0.520, accuracy = 77.3
Epoch 14, batch 120: Training loss = 0.462, accuracy = 78.1
Epoch 14, batch 130: Training loss = 0.435, accuracy = 84.4
Epoch 14, batch 140: Training loss = 0.406, accuracy = 80.5
================================================================================
Epoch 14: Validation (1000 items) loss = 0.514, accuracy = 74.0
================================================================================
Epoch 15, batch 0: Training loss = 0.454, accuracy = 77.3
Epoch 15, batch 10: Training loss = 0.488, accuracy = 80.5
Epoch 15, batch 20: Training loss = 0.437, accuracy = 77.3
Epoch 15, batch 30: Training loss = 0.454, accuracy = 79.7
Epoch 15, batch 40: Training loss = 0.510, accuracy = 75.0
Epoch 15, batch 50: Training loss = 0.449, accuracy = 80.5
Epoch 15, batch 60: Training loss = 0.554, accuracy = 75.0
Epoch 15, batch 70: Training loss = 0.636, accuracy = 63.3
Epoch 15, batch 80: Training loss = 0.448, accuracy = 79.7
Epoch 15, batch 90: Training loss = 0.466, accuracy = 75.8
Epoch 15, batch 100: Training loss = 0.527, accuracy = 75.0
Epoch 15, batch 110: Training loss = 0.359, accuracy = 85.2
Epoch 15, batch 120: Training loss = 0.562, accuracy = 73.4
Epoch 15, batch 130: Training loss = 0.505, accuracy = 72.7
Epoch 15, batch 140: Training loss = 0.461, accuracy = 78.9
================================================================================
Epoch 15: Validation (1000 items) loss = 0.547, accuracy = 73.3
================================================================================
Epoch 16, batch 0: Training loss = 0.506, accuracy = 71.9
Epoch 16, batch 10: Training loss = 0.478, accuracy = 75.0
Epoch 16, batch 20: Training loss = 0.525, accuracy = 72.7
Epoch 16, batch 30: Training loss = 0.455, accuracy = 79.7
Epoch 16, batch 40: Training loss = 0.444, accuracy = 78.9
Epoch 16, batch 50: Training loss = 0.444, accuracy = 76.6
Epoch 16, batch 60: Training loss = 0.485, accuracy = 79.7
Epoch 16, batch 70: Training loss = 0.489, accuracy = 78.1
Epoch 16, batch 80: Training loss = 0.502, accuracy = 72.7
Epoch 16, batch 90: Training loss = 0.498, accuracy = 75.0
Epoch 16, batch 100: Training loss = 0.436, accuracy = 81.2
Epoch 16, batch 110: Training loss = 0.379, accuracy = 85.9
Epoch 16, batch 120: Training loss = 0.423, accuracy = 81.2
Epoch 16, batch 130: Training loss = 0.384, accuracy = 80.5
Epoch 16, batch 140: Training loss = 0.420, accuracy = 78.9
================================================================================
Epoch 16: Validation (1000 items) loss = 0.487, accuracy = 76.3
================================================================================
Epoch 17, batch 0: Training loss = 0.465, accuracy = 78.1
Epoch 17, batch 10: Training loss = 0.609, accuracy = 71.9
Epoch 17, batch 20: Training loss = 0.354, accuracy = 82.0
Epoch 17, batch 30: Training loss = 0.393, accuracy = 79.7
Epoch 17, batch 40: Training loss = 0.439, accuracy = 75.0
Epoch 17, batch 50: Training loss = 0.403, accuracy = 82.8
Epoch 17, batch 60: Training loss = 0.415, accuracy = 80.5
Epoch 17, batch 70: Training loss = 0.418, accuracy = 85.2
Epoch 17, batch 80: Training loss = 0.389, accuracy = 79.7
Epoch 17, batch 90: Training loss = 0.546, accuracy = 74.2
Epoch 17, batch 100: Training loss = 0.524, accuracy = 72.7
Epoch 17, batch 110: Training loss = 0.319, accuracy = 85.9
Epoch 17, batch 120: Training loss = 0.400, accuracy = 80.5
Epoch 17, batch 130: Training loss = 0.427, accuracy = 81.2
Epoch 17, batch 140: Training loss = 0.344, accuracy = 85.2
================================================================================
Epoch 17: Validation (1000 items) loss = 0.450, accuracy = 78.8
================================================================================
Epoch 18, batch 0: Training loss = 0.388, accuracy = 79.7
Epoch 18, batch 10: Training loss = 0.395, accuracy = 81.2
Epoch 18, batch 20: Training loss = 0.483, accuracy = 77.3
Epoch 18, batch 30: Training loss = 0.417, accuracy = 78.9
Epoch 18, batch 40: Training loss = 0.472, accuracy = 81.2
Epoch 18, batch 50: Training loss = 0.457, accuracy = 81.2
Epoch 18, batch 60: Training loss = 0.409, accuracy = 78.9
Epoch 18, batch 70: Training loss = 0.432, accuracy = 78.9
Epoch 18, batch 80: Training loss = 0.532, accuracy = 71.9
Epoch 18, batch 90: Training loss = 0.375, accuracy = 81.2
Epoch 18, batch 100: Training loss = 0.305, accuracy = 86.7
Epoch 18, batch 110: Training loss = 0.560, accuracy = 75.0
Epoch 18, batch 120: Training loss = 0.407, accuracy = 80.5
Epoch 18, batch 130: Training loss = 0.360, accuracy = 84.4
Epoch 18, batch 140: Training loss = 0.458, accuracy = 81.2
================================================================================
Epoch 18: Validation (1000 items) loss = 0.538, accuracy = 74.4
================================================================================
Epoch 19, batch 0: Training loss = 0.466, accuracy = 78.9
Epoch 19, batch 10: Training loss = 0.378, accuracy = 83.6
Epoch 19, batch 20: Training loss = 0.458, accuracy = 80.5
Epoch 19, batch 30: Training loss = 0.252, accuracy = 88.3
Epoch 19, batch 40: Training loss = 0.368, accuracy = 83.6
Epoch 19, batch 50: Training loss = 0.406, accuracy = 84.4
Epoch 19, batch 60: Training loss = 0.424, accuracy = 81.2
Epoch 19, batch 70: Training loss = 0.361, accuracy = 83.6
Epoch 19, batch 80: Training loss = 0.458, accuracy = 80.5
Epoch 19, batch 90: Training loss = 0.325, accuracy = 87.5
Epoch 19, batch 100: Training loss = 0.340, accuracy = 82.0
Epoch 19, batch 110: Training loss = 0.315, accuracy = 85.2
Epoch 19, batch 120: Training loss = 0.411, accuracy = 80.5
Epoch 19, batch 130: Training loss = 0.344, accuracy = 85.9
Epoch 19, batch 140: Training loss = 0.429, accuracy = 81.2
================================================================================
Epoch 19: Validation (1000 items) loss = 0.464, accuracy = 79.3
================================================================================
Epoch 20, batch 0: Training loss = 0.255, accuracy = 90.6
Epoch 20, batch 10: Training loss = 0.325, accuracy = 83.6
Epoch 20, batch 20: Training loss = 0.252, accuracy = 91.4
Epoch 20, batch 30: Training loss = 0.251, accuracy = 93.0
Epoch 20, batch 40: Training loss = 0.310, accuracy = 84.4
Epoch 20, batch 50: Training loss = 0.424, accuracy = 82.8
Epoch 20, batch 60: Training loss = 0.445, accuracy = 78.9
Epoch 20, batch 70: Training loss = 0.329, accuracy = 85.2
Epoch 20, batch 80: Training loss = 0.349, accuracy = 82.8
Epoch 20, batch 90: Training loss = 0.321, accuracy = 87.5
Epoch 20, batch 100: Training loss = 0.497, accuracy = 74.2
Epoch 20, batch 110: Training loss = 0.286, accuracy = 89.1
Epoch 20, batch 120: Training loss = 0.353, accuracy = 83.6
Epoch 20, batch 130: Training loss = 0.482, accuracy = 77.3
Epoch 20, batch 140: Training loss = 0.329, accuracy = 84.4
================================================================================
Epoch 20: Validation (1000 items) loss = 0.456, accuracy = 79.9
================================================================================
Epoch 21, batch 0: Training loss = 0.271, accuracy = 89.8
Epoch 21, batch 10: Training loss = 0.316, accuracy = 85.9
Epoch 21, batch 20: Training loss = 0.497, accuracy = 78.1
Epoch 21, batch 30: Training loss = 0.344, accuracy = 83.6
Epoch 21, batch 40: Training loss = 0.268, accuracy = 90.6
Epoch 21, batch 50: Training loss = 0.365, accuracy = 85.2
Epoch 21, batch 60: Training loss = 0.175, accuracy = 93.8
Epoch 21, batch 70: Training loss = 0.344, accuracy = 80.5
Epoch 21, batch 80: Training loss = 0.326, accuracy = 86.7
Epoch 21, batch 90: Training loss = 0.226, accuracy = 92.2
Epoch 21, batch 100: Training loss = 0.502, accuracy = 73.4
Epoch 21, batch 110: Training loss = 0.298, accuracy = 88.3
Epoch 21, batch 120: Training loss = 0.333, accuracy = 83.6
Epoch 21, batch 130: Training loss = 0.423, accuracy = 78.9
Epoch 21, batch 140: Training loss = 0.296, accuracy = 89.1
================================================================================
Epoch 21: Validation (1000 items) loss = 0.664, accuracy = 70.8
================================================================================
Epoch 22, batch 0: Training loss = 0.502, accuracy = 78.9
Epoch 22, batch 10: Training loss = 0.218, accuracy = 89.8
Epoch 22, batch 20: Training loss = 0.299, accuracy = 85.9
Epoch 22, batch 30: Training loss = 0.258, accuracy = 89.8
Epoch 22, batch 40: Training loss = 0.337, accuracy = 81.2
Epoch 22, batch 50: Training loss = 0.239, accuracy = 93.8
Epoch 22, batch 60: Training loss = 0.315, accuracy = 88.3
Epoch 22, batch 70: Training loss = 0.267, accuracy = 90.6
Epoch 22, batch 80: Training loss = 0.217, accuracy = 91.4
Epoch 22, batch 90: Training loss = 0.194, accuracy = 93.0
Epoch 22, batch 100: Training loss = 0.309, accuracy = 85.9
Epoch 22, batch 110: Training loss = 0.260, accuracy = 88.3
Epoch 22, batch 120: Training loss = 0.241, accuracy = 91.4
Epoch 22, batch 130: Training loss = 0.297, accuracy = 86.7
Epoch 22, batch 140: Training loss = 0.291, accuracy = 87.5
================================================================================
Epoch 22: Validation (1000 items) loss = 0.456, accuracy = 79.6
================================================================================
Epoch 23, batch 0: Training loss = 0.245, accuracy = 91.4
Epoch 23, batch 10: Training loss = 0.327, accuracy = 82.8
Epoch 23, batch 20: Training loss = 0.204, accuracy = 93.0
Epoch 23, batch 30: Training loss = 0.194, accuracy = 92.2
Epoch 23, batch 40: Training loss = 0.286, accuracy = 87.5
Epoch 23, batch 50: Training loss = 0.228, accuracy = 89.8
Epoch 23, batch 60: Training loss = 0.240, accuracy = 86.7
Epoch 23, batch 70: Training loss = 0.203, accuracy = 93.8
Epoch 23, batch 80: Training loss = 1.000, accuracy = 63.3
Epoch 23, batch 90: Training loss = 0.188, accuracy = 95.3
Epoch 23, batch 100: Training loss = 0.240, accuracy = 92.2
Epoch 23, batch 110: Training loss = 0.231, accuracy = 93.0
Epoch 23, batch 120: Training loss = 0.256, accuracy = 90.6
Epoch 23, batch 130: Training loss = 0.260, accuracy = 91.4
Epoch 23, batch 140: Training loss = 0.306, accuracy = 86.7
================================================================================
Epoch 23: Validation (1000 items) loss = 0.480, accuracy = 80.0
================================================================================
Epoch 24, batch 0: Training loss = 0.183, accuracy = 92.2
Epoch 24, batch 10: Training loss = 0.187, accuracy = 90.6
Epoch 24, batch 20: Training loss = 0.164, accuracy = 92.2
Epoch 24, batch 30: Training loss = 0.140, accuracy = 93.8
Epoch 24, batch 40: Training loss = 0.636, accuracy = 69.5
Epoch 24, batch 50: Training loss = 0.195, accuracy = 92.2
Epoch 24, batch 60: Training loss = 0.243, accuracy = 90.6
Epoch 24, batch 70: Training loss = 0.215, accuracy = 90.6
Epoch 24, batch 80: Training loss = 0.324, accuracy = 84.4
Epoch 24, batch 90: Training loss = 0.183, accuracy = 94.5
Epoch 24, batch 100: Training loss = 0.275, accuracy = 88.3
Epoch 24, batch 110: Training loss = 0.229, accuracy = 89.1
Epoch 24, batch 120: Training loss = 0.209, accuracy = 89.8
Epoch 24, batch 130: Training loss = 0.174, accuracy = 92.2
Epoch 24, batch 140: Training loss = 0.193, accuracy = 91.4
================================================================================
Epoch 24: Validation (1000 items) loss = 0.523, accuracy = 79.2
================================================================================
Epoch 25, batch 0: Training loss = 0.149, accuracy = 93.8
Epoch 25, batch 10: Training loss = 0.247, accuracy = 89.1
Epoch 25, batch 20: Training loss = 0.080, accuracy = 97.7
Epoch 25, batch 30: Training loss = 0.171, accuracy = 93.8
Epoch 25, batch 40: Training loss = 0.193, accuracy = 91.4
Epoch 25, batch 50: Training loss = 0.237, accuracy = 91.4
Epoch 25, batch 60: Training loss = 0.177, accuracy = 93.8
Epoch 25, batch 70: Training loss = 0.184, accuracy = 92.2
Epoch 25, batch 80: Training loss = 0.149, accuracy = 96.1
Epoch 25, batch 90: Training loss = 0.165, accuracy = 93.8
Epoch 25, batch 100: Training loss = 0.128, accuracy = 95.3
Epoch 25, batch 110: Training loss = 0.314, accuracy = 85.9
Epoch 25, batch 120: Training loss = 0.140, accuracy = 96.1
Epoch 25, batch 130: Training loss = 0.141, accuracy = 93.0
Epoch 25, batch 140: Training loss = 0.155, accuracy = 93.0
================================================================================
Epoch 25: Validation (1000 items) loss = 0.563, accuracy = 80.9
================================================================================
Epoch 26, batch 0: Training loss = 0.135, accuracy = 95.3
Epoch 26, batch 10: Training loss = 0.098, accuracy = 97.7
Epoch 26, batch 20: Training loss = 0.139, accuracy = 95.3
Epoch 26, batch 30: Training loss = 0.065, accuracy = 97.7
Epoch 26, batch 40: Training loss = 0.055, accuracy = 98.4
Epoch 26, batch 50: Training loss = 0.075, accuracy = 96.9
Epoch 26, batch 60: Training loss = 0.251, accuracy = 87.5
Epoch 26, batch 70: Training loss = 0.124, accuracy = 95.3
Epoch 26, batch 80: Training loss = 0.196, accuracy = 90.6
Epoch 26, batch 90: Training loss = 0.128, accuracy = 95.3
Epoch 26, batch 100: Training loss = 0.111, accuracy = 95.3
Epoch 26, batch 110: Training loss = 0.147, accuracy = 96.1
Epoch 26, batch 120: Training loss = 0.216, accuracy = 89.8
Epoch 26, batch 130: Training loss = 0.176, accuracy = 94.5
Epoch 26, batch 140: Training loss = 0.130, accuracy = 96.1
================================================================================
Epoch 26: Validation (1000 items) loss = 0.970, accuracy = 73.5
================================================================================
Epoch 27, batch 0: Training loss = 0.422, accuracy = 84.4
Epoch 27, batch 10: Training loss = 0.053, accuracy = 98.4
Epoch 27, batch 20: Training loss = 0.106, accuracy = 96.9
Epoch 27, batch 30: Training loss = 0.289, accuracy = 86.7
Epoch 27, batch 40: Training loss = 0.078, accuracy = 97.7
Epoch 27, batch 50: Training loss = 0.075, accuracy = 99.2
Epoch 27, batch 60: Training loss = 0.094, accuracy = 96.9
Epoch 27, batch 70: Training loss = 0.312, accuracy = 89.1
Epoch 27, batch 80: Training loss = 0.090, accuracy = 96.9
Epoch 27, batch 90: Training loss = 0.113, accuracy = 95.3
Epoch 27, batch 100: Training loss = 0.043, accuracy = 98.4
Epoch 27, batch 110: Training loss = 0.107, accuracy = 96.1
Epoch 27, batch 120: Training loss = 0.204, accuracy = 90.6
Epoch 27, batch 130: Training loss = 0.200, accuracy = 93.0
Epoch 27, batch 140: Training loss = 0.128, accuracy = 95.3
================================================================================
Epoch 27: Validation (1000 items) loss = 0.570, accuracy = 80.1
================================================================================
Epoch 28, batch 0: Training loss = 0.080, accuracy = 98.4
Epoch 28, batch 10: Training loss = 0.042, accuracy = 96.9
Epoch 28, batch 20: Training loss = 0.030, accuracy = 99.2
Epoch 28, batch 30: Training loss = 0.042, accuracy = 97.7
Epoch 28, batch 40: Training loss = 0.079, accuracy = 96.1
Epoch 28, batch 50: Training loss = 0.065, accuracy = 99.2
Epoch 28, batch 60: Training loss = 0.117, accuracy = 96.9
Epoch 28, batch 70: Training loss = 0.126, accuracy = 96.1
Epoch 28, batch 80: Training loss = 0.059, accuracy = 98.4
Epoch 28, batch 90: Training loss = 0.145, accuracy = 95.3
Epoch 28, batch 100: Training loss = 0.140, accuracy = 92.2
Epoch 28, batch 110: Training loss = 0.117, accuracy = 93.0
Epoch 28, batch 120: Training loss = 0.077, accuracy = 96.9
Epoch 28, batch 130: Training loss = 0.043, accuracy = 98.4
Epoch 28, batch 140: Training loss = 0.113, accuracy = 95.3
================================================================================
Epoch 28: Validation (1000 items) loss = 0.728, accuracy = 74.4
================================================================================
Epoch 29, batch 0: Training loss = 0.246, accuracy = 85.9
Epoch 29, batch 10: Training loss = 0.076, accuracy = 97.7
Epoch 29, batch 20: Training loss = 0.061, accuracy = 97.7
Epoch 29, batch 30: Training loss = 0.087, accuracy = 97.7
Epoch 29, batch 40: Training loss = 0.032, accuracy = 100.0
Epoch 29, batch 50: Training loss = 0.017, accuracy = 99.2
Epoch 29, batch 60: Training loss = 0.072, accuracy = 97.7
Epoch 29, batch 70: Training loss = 0.027, accuracy = 99.2
Epoch 29, batch 80: Training loss = 0.072, accuracy = 96.9
Epoch 29, batch 90: Training loss = 0.798, accuracy = 71.9
Epoch 29, batch 100: Training loss = 0.149, accuracy = 94.5
Epoch 29, batch 110: Training loss = 0.080, accuracy = 96.9
Epoch 29, batch 120: Training loss = 0.074, accuracy = 96.9
Epoch 29, batch 130: Training loss = 0.060, accuracy = 97.7
Epoch 29, batch 140: Training loss = 0.119, accuracy = 95.3
================================================================================
Epoch 29: Validation (1000 items) loss = 0.670, accuracy = 78.9
================================================================================
Epoch 30, batch 0: Training loss = 0.071, accuracy = 97.7
Epoch 30, batch 10: Training loss = 0.034, accuracy = 99.2
Epoch 30, batch 20: Training loss = 0.050, accuracy = 98.4
Epoch 30, batch 30: Training loss = 0.046, accuracy = 97.7
Epoch 30, batch 40: Training loss = 0.028, accuracy = 99.2
Epoch 30, batch 50: Training loss = 0.013, accuracy = 100.0
Epoch 30, batch 60: Training loss = 0.016, accuracy = 99.2
Epoch 30, batch 70: Training loss = 0.041, accuracy = 99.2
Epoch 30, batch 80: Training loss = 0.016, accuracy = 100.0
Epoch 30, batch 90: Training loss = 0.063, accuracy = 96.9
Epoch 30, batch 100: Training loss = 0.044, accuracy = 97.7
Epoch 30, batch 110: Training loss = 0.010, accuracy = 100.0
Epoch 30, batch 120: Training loss = 0.057, accuracy = 98.4
Epoch 30, batch 130: Training loss = 0.008, accuracy = 100.0
Epoch 30, batch 140: Training loss = 0.031, accuracy = 99.2
================================================================================
Epoch 30: Validation (1000 items) loss = 0.980, accuracy = 80.0
================================================================================
Epoch 31, batch 0: Training loss = 0.005, accuracy = 100.0
Epoch 31, batch 10: Training loss = 0.017, accuracy = 99.2
Epoch 31, batch 20: Training loss = 0.059, accuracy = 97.7
Epoch 31, batch 30: Training loss = 0.603, accuracy = 68.8
Epoch 31, batch 40: Training loss = 0.129, accuracy = 95.3
Epoch 31, batch 50: Training loss = 0.082, accuracy = 96.1
Epoch 31, batch 60: Training loss = 0.082, accuracy = 99.2
Epoch 31, batch 70: Training loss = 0.035, accuracy = 99.2
Epoch 31, batch 80: Training loss = 0.029, accuracy = 99.2
Epoch 31, batch 90: Training loss = 0.048, accuracy = 98.4
Epoch 31, batch 100: Training loss = 0.046, accuracy = 96.9
Epoch 31, batch 110: Training loss = 0.503, accuracy = 78.9
Epoch 31, batch 120: Training loss = 0.075, accuracy = 96.1
Epoch 31, batch 130: Training loss = 0.105, accuracy = 96.9
Epoch 31, batch 140: Training loss = 0.078, accuracy = 98.4
================================================================================
Epoch 31: Validation (1000 items) loss = 0.795, accuracy = 78.6
================================================================================
Epoch 32, batch 0: Training loss = 0.041, accuracy = 98.4
Epoch 32, batch 10: Training loss = 0.038, accuracy = 99.2
Epoch 32, batch 20: Training loss = 0.015, accuracy = 100.0
Epoch 32, batch 30: Training loss = 0.020, accuracy = 99.2
Epoch 32, batch 40: Training loss = 0.076, accuracy = 96.1
Epoch 32, batch 50: Training loss = 0.063, accuracy = 96.9
Epoch 32, batch 60: Training loss = 0.034, accuracy = 98.4
Epoch 32, batch 70: Training loss = 0.015, accuracy = 99.2
Epoch 32, batch 80: Training loss = 0.014, accuracy = 100.0
Epoch 32, batch 90: Training loss = 0.009, accuracy = 100.0
Epoch 32, batch 100: Training loss = 0.027, accuracy = 99.2
Epoch 32, batch 110: Training loss = 0.033, accuracy = 99.2
Epoch 32, batch 120: Training loss = 0.007, accuracy = 100.0
Epoch 32, batch 130: Training loss = 0.017, accuracy = 100.0
Epoch 32, batch 140: Training loss = 0.050, accuracy = 97.7
================================================================================
Epoch 32: Validation (1000 items) loss = 1.202, accuracy = 77.1
================================================================================
Epoch 33, batch 0: Training loss = 0.069, accuracy = 96.1
Epoch 33, batch 10: Training loss = 0.095, accuracy = 97.7
Epoch 33, batch 20: Training loss = 0.037, accuracy = 99.2
Epoch 33, batch 30: Training loss = 0.026, accuracy = 99.2
Epoch 33, batch 40: Training loss = 0.012, accuracy = 100.0
Epoch 33, batch 50: Training loss = 0.047, accuracy = 99.2
Epoch 33, batch 60: Training loss = 0.015, accuracy = 100.0
Epoch 33, batch 70: Training loss = 0.025, accuracy = 99.2
Epoch 33, batch 80: Training loss = 0.041, accuracy = 98.4
Epoch 33, batch 90: Training loss = 0.066, accuracy = 96.9
Epoch 33, batch 100: Training loss = 0.038, accuracy = 98.4
Epoch 33, batch 110: Training loss = 0.052, accuracy = 98.4
Epoch 33, batch 120: Training loss = 0.112, accuracy = 96.9
Epoch 33, batch 130: Training loss = 0.186, accuracy = 93.8
Epoch 33, batch 140: Training loss = 0.057, accuracy = 98.4
================================================================================
Epoch 33: Validation (1000 items) loss = 0.777, accuracy = 78.7
================================================================================
Epoch 34, batch 0: Training loss = 0.015, accuracy = 100.0
Epoch 34, batch 10: Training loss = 0.012, accuracy = 100.0
Epoch 34, batch 20: Training loss = 0.022, accuracy = 99.2
Epoch 34, batch 30: Training loss = 0.014, accuracy = 100.0
Epoch 34, batch 40: Training loss = 0.006, accuracy = 100.0
Epoch 34, batch 50: Training loss = 0.015, accuracy = 99.2
Epoch 34, batch 60: Training loss = 0.014, accuracy = 99.2
Epoch 34, batch 70: Training loss = 0.011, accuracy = 100.0
Epoch 34, batch 80: Training loss = 0.007, accuracy = 100.0
Epoch 34, batch 90: Training loss = 0.009, accuracy = 99.2
Epoch 34, batch 100: Training loss = 0.006, accuracy = 100.0
Epoch 34, batch 110: Training loss = 0.009, accuracy = 100.0
Epoch 34, batch 120: Training loss = 0.006, accuracy = 100.0
Epoch 34, batch 130: Training loss = 0.033, accuracy = 97.7
Epoch 34, batch 140: Training loss = 0.017, accuracy = 99.2
================================================================================
Epoch 34: Validation (1000 items) loss = 1.098, accuracy = 81.0
================================================================================
Epoch 35, batch 0: Training loss = 0.015, accuracy = 99.2
Epoch 35, batch 10: Training loss = 0.002, accuracy = 100.0
Epoch 35, batch 20: Training loss = 0.001, accuracy = 100.0
Epoch 35, batch 30: Training loss = 0.001, accuracy = 100.0
Epoch 35, batch 40: Training loss = 0.014, accuracy = 99.2
Epoch 35, batch 50: Training loss = 0.005, accuracy = 100.0
Epoch 35, batch 60: Training loss = 0.002, accuracy = 100.0
Epoch 35, batch 70: Training loss = 0.003, accuracy = 100.0
Epoch 35, batch 80: Training loss = 0.001, accuracy = 100.0
Epoch 35, batch 90: Training loss = 0.001, accuracy = 100.0
Epoch 35, batch 100: Training loss = 0.003, accuracy = 100.0
Epoch 35, batch 110: Training loss = 0.002, accuracy = 100.0
Epoch 35, batch 120: Training loss = 0.002, accuracy = 100.0
Epoch 35, batch 130: Training loss = 0.003, accuracy = 100.0
Epoch 35, batch 140: Training loss = 0.001, accuracy = 100.0
================================================================================
Epoch 35: Validation (1000 items) loss = 1.254, accuracy = 79.1
================================================================================
Epoch 36, batch 0: Training loss = 0.000, accuracy = 100.0
Epoch 36, batch 10: Training loss = 0.000, accuracy = 100.0
Epoch 36, batch 20: Training loss = 0.000, accuracy = 100.0
Epoch 36, batch 30: Training loss = 0.014, accuracy = 99.2
Epoch 36, batch 40: Training loss = 0.001, accuracy = 100.0
Epoch 36, batch 50: Training loss = 0.001, accuracy = 100.0
Epoch 36, batch 60: Training loss = 0.000, accuracy = 100.0
Epoch 36, batch 70: Training loss = 0.000, accuracy = 100.0
Epoch 36, batch 80: Training loss = 0.000, accuracy = 100.0
Epoch 36, batch 90: Training loss = 0.001, accuracy = 100.0
Epoch 36, batch 100: Training loss = 0.001, accuracy = 100.0
Epoch 36, batch 110: Training loss = 0.000, accuracy = 100.0
Epoch 36, batch 120: Training loss = 0.000, accuracy = 100.0
Epoch 36, batch 130: Training loss = 0.001, accuracy = 100.0
Epoch 36, batch 140: Training loss = 0.000, accuracy = 100.0
================================================================================
Epoch 36: Validation (1000 items) loss = 1.306, accuracy = 80.1
================================================================================
Epoch 37, batch 0: Training loss = 0.000, accuracy = 100.0
Epoch 37, batch 10: Training loss = 0.000, accuracy = 100.0
Epoch 37, batch 20: Training loss = 0.000, accuracy = 100.0
Epoch 37, batch 30: Training loss = 0.000, accuracy = 100.0
Epoch 37, batch 40: Training loss = 0.001, accuracy = 100.0
Epoch 37, batch 50: Training loss = 0.000, accuracy = 100.0
Epoch 37, batch 60: Training loss = 0.003, accuracy = 100.0
Epoch 37, batch 70: Training loss = 0.000, accuracy = 100.0
Epoch 37, batch 80: Training loss = 0.001, accuracy = 100.0
Epoch 37, batch 90: Training loss = 0.001, accuracy = 100.0
Epoch 37, batch 100: Training loss = 0.103, accuracy = 99.2
Epoch 37, batch 110: Training loss = 0.001, accuracy = 100.0
Epoch 37, batch 120: Training loss = 0.000, accuracy = 100.0
Epoch 37, batch 130: Training loss = 0.009, accuracy = 99.2
Epoch 37, batch 140: Training loss = 0.001, accuracy = 100.0
================================================================================
Epoch 37: Validation (1000 items) loss = 1.282, accuracy = 80.2
================================================================================
Epoch 38, batch 0: Training loss = 0.000, accuracy = 100.0
Epoch 38, batch 10: Training loss = 0.000, accuracy = 100.0
Epoch 38, batch 20: Training loss = 0.001, accuracy = 100.0
Epoch 38, batch 30: Training loss = 0.000, accuracy = 100.0
Epoch 38, batch 40: Training loss = 0.000, accuracy = 100.0
Epoch 38, batch 50: Training loss = 0.000, accuracy = 100.0
Epoch 38, batch 60: Training loss = 0.000, accuracy = 100.0
Epoch 38, batch 70: Training loss = 0.000, accuracy = 100.0
Epoch 38, batch 80: Training loss = 0.000, accuracy = 100.0
Epoch 38, batch 90: Training loss = 0.000, accuracy = 100.0
Epoch 38, batch 100: Training loss = 0.000, accuracy = 100.0
Epoch 38, batch 110: Training loss = 0.000, accuracy = 100.0
Epoch 38, batch 120: Training loss = 0.001, accuracy = 100.0
Epoch 38, batch 130: Training loss = 0.001, accuracy = 100.0
Epoch 38, batch 140: Training loss = 0.000, accuracy = 100.0
================================================================================
Epoch 38: Validation (1000 items) loss = 1.345, accuracy = 79.8
================================================================================
Epoch 39, batch 0: Training loss = 0.000, accuracy = 100.0
Epoch 39, batch 10: Training loss = 0.000, accuracy = 100.0
Epoch 39, batch 20: Training loss = 0.000, accuracy = 100.0
Epoch 39, batch 30: Training loss = 0.000, accuracy = 100.0
Epoch 39, batch 40: Training loss = 0.000, accuracy = 100.0
Epoch 39, batch 50: Training loss = 0.000, accuracy = 100.0
Epoch 39, batch 60: Training loss = 0.000, accuracy = 100.0
Epoch 39, batch 70: Training loss = 0.000, accuracy = 100.0
Epoch 39, batch 80: Training loss = 0.000, accuracy = 100.0
Epoch 39, batch 90: Training loss = 0.000, accuracy = 100.0
Epoch 39, batch 100: Training loss = 0.000, accuracy = 100.0
Epoch 39, batch 110: Training loss = 0.087, accuracy = 99.2
Epoch 39, batch 120: Training loss = 0.000, accuracy = 100.0
Epoch 39, batch 130: Training loss = 0.000, accuracy = 100.0
Epoch 39, batch 140: Training loss = 0.000, accuracy = 100.0
================================================================================
Epoch 39: Validation (1000 items) loss = 1.331, accuracy = 80.3
================================================================================